  UImanager.cpp
  billboard.cpp
  bullet.cpp
  camera.cpp
  character.cpp
  collision.cpp
  debugproc.cpp
  edit.cpp
  effect.cpp
  enemy.cpp
  fade.cpp
  field.cpp
  game.cpp
  input.cpp
  light.cpp
  main.cpp
  manager.cpp
  map.cpp
  number.cpp
  object.cpp
  コンパイル中...
  object2D.cpp
  object3D.cpp
  objectMesh.cpp
  objectX.cpp
  particl.cpp
  pause.cpp
  player.cpp
  ranking.cpp
  renderer.cpp
  result.cpp
  score.cpp
  texture.cpp
  time.cpp
  title.cpp
  コード生成しています。
  134 of 464 functions (28.9%) were compiled, the rest were copied from previous compilation.
    19 functions were new in current compilation
    1 functions had inline decision re-evaluated but remain unchanged
  コード生成が終了しました。
  2023_action.vcxproj -> C:\Users\student\Desktop\2023_action\action\2023_action\2023_action.exe
  2023_action.vcxproj -> C:\Users\student\Desktop\2023_action\action\2023_action\2023_action.pdb (Full PDB)
